Using pre-set license
Built from '2020.3/release' branch; Version is '2020.3.27f1 (e759542391ea) revision 15161684'; Using compiler version '192528614'; Build Type 'Release'
OS: 'Windows 10  (10.0.19042) 64bit Education' Language: 'en' Physical Memory: 7847 MB
BatchMode: 1, IsHumanControllingUs: 0, StartBugReporterOnCrash: 0, Is64bit: 1, IsPro: 0

COMMAND LINE ARGUMENTS:
C:\Program Files\Unity\Hub\Editor\2020.3.27f1\Editor\Unity.exe
-adb2
-batchMode
-noUpm
-name
AssetImportWorker0
-projectPath
C:/Users/nycdoe/Documents/GitHub/EndlessRunner
-logFile
Logs/AssetImportWorker0.log
-srvPort
57938
Successfully changed project path to: C:/Users/nycdoe/Documents/GitHub/EndlessRunner
C:/Users/nycdoe/Documents/GitHub/EndlessRunner
Using Asset Import Pipeline V2.
Refreshing native plugins compatible for Editor in 171.20 ms, found 3 plugins.
Preloading 0 native plugins for Editor in 0.00 ms.
Initialize engine version: 2020.3.27f1 (e759542391ea)
[Subsystems] Discovering subsystems at path C:/Program Files/Unity/Hub/Editor/2020.3.27f1/Editor/Data/Resources/UnitySubsystems
[Subsystems] Discovering subsystems at path C:/Users/nycdoe/Documents/GitHub/EndlessRunner/Assets
GfxDevice: creating device client; threaded=0
Direct3D:
    Version:  Direct3D 11.0 [level 11.1]
    Renderer: Intel(R) Iris(R) Xe Graphics (ID=0x9a49)
    Vendor:   
    VRAM:     3923 MB
    Driver:   27.20.100.9168
Initialize mono
Mono path[0] = 'C:/Program Files/Unity/Hub/Editor/2020.3.27f1/Editor/Data/Managed'
Mono path[1] = 'C:/Program Files/Unity/Hub/Editor/2020.3.27f1/Editor/Data/MonoBleedingEdge/lib/mono/unityjit'
Mono config path = 'C:/Program Files/Unity/Hub/Editor/2020.3.27f1/Editor/Data/MonoBleedingEdge/etc'
Using monoOptions --debugger-agent=transport=dt_socket,embedding=1,server=y,suspend=n,address=127.0.0.1:56552
Begin MonoManager ReloadAssembly
Registering precompiled unity dll's ...
Register platform support module: C:/Program Files/Unity/Hub/Editor/2020.3.27f1/Editor/Data/PlaybackEngines/WindowsStandaloneSupport/UnityEditor.WindowsStandalone.Extensions.dll
Registered in 0.006349 seconds.
Native extension for WindowsStandalone target not found
Refreshing native plugins compatible for Editor in 156.65 ms, found 3 plugins.
Preloading 0 native plugins for Editor in 0.00 ms.
Mono: successfully reloaded assembly
- Completed reload, in  2.041 seconds
Domain Reload Profiling:
	ReloadAssembly (2042ms)
		BeginReloadAssembly (233ms)
			ExecutionOrderSort (0ms)
			DisableScriptedObjects (0ms)
			BackupInstance (0ms)
			ReleaseScriptingObjects (0ms)
			CreateAndSetChildDomain (4ms)
		EndReloadAssembly (1572ms)
			LoadAssemblies (225ms)
			RebuildTransferFunctionScriptingTraits (0ms)
			SetupTypeCache (478ms)
			ReleaseScriptCaches (0ms)
			RebuildScriptCaches (108ms)
			SetupLoadedEditorAssemblies (643ms)
				LogAssemblyErrors (0ms)
				InitializePlatformSupportModulesInManaged (14ms)
				SetLoadedEditorAssemblies (1ms)
				RefreshPlugins (157ms)
				BeforeProcessingInitializeOnLoad (29ms)
				ProcessInitializeOnLoadAttributes (308ms)
				ProcessInitializeOnLoadMethodAttributes (133ms)
				AfterProcessingInitializeOnLoad (0ms)
				EditorAssembliesLoaded (1ms)
			ExecutionOrderSort2 (0ms)
			AwakeInstancesAfterBackupRestoration (0ms)
Platform modules already initialized, skipping
Registering precompiled user dll's ...
Registered in 0.021521 seconds.
Begin MonoManager ReloadAssembly
Native extension for WindowsStandalone target not found
Refreshing native plugins compatible for Editor in 180.08 ms, found 3 plugins.
Preloading 0 native plugins for Editor in 0.00 ms.
Mono: successfully reloaded assembly
- Completed reload, in  4.052 seconds
Domain Reload Profiling:
	ReloadAssembly (4056ms)
		BeginReloadAssembly (495ms)
			ExecutionOrderSort (0ms)
			DisableScriptedObjects (12ms)
			BackupInstance (0ms)
			ReleaseScriptingObjects (0ms)
			CreateAndSetChildDomain (54ms)
		EndReloadAssembly (3361ms)
			LoadAssemblies (427ms)
			RebuildTransferFunctionScriptingTraits (0ms)
			SetupTypeCache (989ms)
			ReleaseScriptCaches (1ms)
			RebuildScriptCaches (153ms)
			SetupLoadedEditorAssemblies (1439ms)
				LogAssemblyErrors (0ms)
				InitializePlatformSupportModulesInManaged (18ms)
				SetLoadedEditorAssemblies (1ms)
				RefreshPlugins (180ms)
				BeforeProcessingInitializeOnLoad (272ms)
				ProcessInitializeOnLoadAttributes (807ms)
				ProcessInitializeOnLoadMethodAttributes (140ms)
				AfterProcessingInitializeOnLoad (20ms)
				EditorAssembliesLoaded (0ms)
			ExecutionOrderSort2 (0ms)
			AwakeInstancesAfterBackupRestoration (22ms)
Platform modules already initialized, skipping
========================================================================
Worker process is ready to serve import requests
Launched and connected shader compiler UnityShaderCompiler.exe after 0.29 seconds
Refreshing native plugins compatible for Editor in 1.15 ms, found 3 plugins.
Preloading 0 native plugins for Editor in 0.00 ms.
Unloading 2201 Unused Serialized files (Serialized files now loaded: 0)
System memory in use before: 96.1 MB.
System memory in use after: 96.0 MB.

Unloading 34 unused Assets to reduce memory usage. Loaded Objects now: 2628.
Total: 8.719900 ms (FindLiveObjects: 0.350700 ms CreateObjectMapping: 0.162800 ms MarkObjects: 7.581900 ms  DeleteObjects: 0.620700 ms)

AssetImportParameters requested are different than current active one (requested -> active):
  custom:framework-win-MediaFoundation: 216162199b28c13a410421893ffa2e32 -> 
  custom:video-decoder-ogg-theora: a1e56fd34408186e4bbccfd4996cb3dc -> 
  custom:container-muxer-webm: aa71ff27fc2769a1b78a27578f13a17b -> 
  custom:container-demuxer-webm: 4f35f7cbe854078d1ac9338744f61a02 -> 
  custom:container-demuxer-ogg: 62fdf1f143b41e24485cea50d1cbac27 -> 
  custom:video-encoder-webm-vp8: eb34c28f22e8b96e1ab97ce403110664 -> 
  custom:video-codec-MediaFoundation-h265: 746d11721c4dcdbdad8f713fa42b33f4 -> 
  custom:video-decoder-webm-vp8: 9c59270c3fd7afecdb556c50c9e8de78 -> 
  custom:audio-decoder-ogg-vorbis: bf7c407c2cedff20999df2af8eb42d56 -> 
  custom:audio-encoder-webm-vorbis: bf7c407c2cedff20999df2af8eb42d56 -> 
========================================================================
Received Import Request.
  path: Assets/_EndlessRunner
  artifactKey: Guid(5c1edc909b6b8427b83f2e2c558c6e65) Importer(815301076,1909f56bfc062723c751e8b465ee728b)
Start importing Assets/_EndlessRunner using Guid(5c1edc909b6b8427b83f2e2c558c6e65) Importer(815301076,1909f56bfc062723c751e8b465ee728b)  -> (artifact id: 'af913fb5215e4e92c1c8bea8792c1ee0') in 0.020116 seconds 
  Import took 0.030308 seconds .

========================================================================
Received Import Request.
  Time since last request: 0.001144 seconds.
  path: Assets/Scenes/SampleScene.unity
  artifactKey: Guid(2cda990e2423bbf4892e6590ba056729) Importer(815301076,1909f56bfc062723c751e8b465ee728b)
Start importing Assets/Scenes/SampleScene.unity using Guid(2cda990e2423bbf4892e6590ba056729) Importer(815301076,1909f56bfc062723c751e8b465ee728b)  -> (artifact id: '54723e1bac83c26f460edbcda1d16532') in 0.033109 seconds 
  Import took 0.042184 seconds .

========================================================================
Received Import Request.
  Time since last request: 298.044176 seconds.
  path: Assets/_EndlessRunner/Art
  artifactKey: Guid(de63d38913f07a94a82f2d1732f78672) Importer(815301076,1909f56bfc062723c751e8b465ee728b)
Start importing Assets/_EndlessRunner/Art using Guid(de63d38913f07a94a82f2d1732f78672) Importer(815301076,1909f56bfc062723c751e8b465ee728b)  -> (artifact id: 'fbc78e3fd86a0559e4d46442031cfa7c') in 0.014081 seconds 
  Import took 0.039828 seconds .

========================================================================
Received Import Request.
  Time since last request: 0.709567 seconds.
  path: Assets/_EndlessRunner/Art/Backdrop.png
  artifactKey: Guid(d97c99d7f313b5d4e984b0871d65c9a5) Importer(815301076,1909f56bfc062723c751e8b465ee728b)
Start importing Assets/_EndlessRunner/Art/Backdrop.png using Guid(d97c99d7f313b5d4e984b0871d65c9a5) Importer(815301076,1909f56bfc062723c751e8b465ee728b)  -> (artifact id: '0e4bc49b50d55aa71072edeae7f7c979') in 0.381800 seconds 
  Import took 0.392857 seconds .

========================================================================
Received Import Request.
  Time since last request: 0.001208 seconds.
  path: Assets/_EndlessRunner/Art/RetryButton.png
  artifactKey: Guid(5a36a1b548d0c9e458247906dc27cda7) Importer(815301076,1909f56bfc062723c751e8b465ee728b)
Start importing Assets/_EndlessRunner/Art/RetryButton.png using Guid(5a36a1b548d0c9e458247906dc27cda7) Importer(815301076,1909f56bfc062723c751e8b465ee728b)  -> (artifact id: 'ea4bb79a1eafbb53d635ed9c2d84bed3') in 0.040098 seconds 
  Import took 0.049918 seconds .

========================================================================
Received Import Request.
  Time since last request: 0.000928 seconds.
  path: Assets/_EndlessRunner/Art/The Goldsmith_Vintage.ttf
  artifactKey: Guid(3adb743504ab320438556ee68370f199) Importer(815301076,1909f56bfc062723c751e8b465ee728b)
Start importing Assets/_EndlessRunner/Art/The Goldsmith_Vintage.ttf using Guid(3adb743504ab320438556ee68370f199) Importer(815301076,1909f56bfc062723c751e8b465ee728b)  -> (artifact id: '2036adede271cabf84073b3f16352bf5') in 0.215321 seconds 
  Import took 0.226463 seconds .

========================================================================
Received Import Request.
  Time since last request: 0.001599 seconds.
  path: Assets/_EndlessRunner/Art/SkySunset.png
  artifactKey: Guid(ef54a136ffec95041abc29a64b863973) Importer(815301076,1909f56bfc062723c751e8b465ee728b)
Start importing Assets/_EndlessRunner/Art/SkySunset.png using Guid(ef54a136ffec95041abc29a64b863973) Importer(815301076,1909f56bfc062723c751e8b465ee728b)  -> (artifact id: '9af0041efa3d482f82ea7566d6566cdf') in 0.046448 seconds 
  Import took 0.067570 seconds .

========================================================================
Received Import Request.
  Time since last request: 0.001221 seconds.
  path: Assets/_EndlessRunner/Art/Platforms.png
  artifactKey: Guid(519fa10bbca46314d950510a1b599fd1) Importer(815301076,1909f56bfc062723c751e8b465ee728b)
Start importing Assets/_EndlessRunner/Art/Platforms.png using Guid(519fa10bbca46314d950510a1b599fd1) Importer(815301076,1909f56bfc062723c751e8b465ee728b)  -> (artifact id: '2e13babbf637693ef66f6fe834e3e364') in 0.307696 seconds 
  Import took 0.319273 seconds .

========================================================================
Received Import Request.
  Time since last request: 0.001378 seconds.
  path: Assets/_EndlessRunner/Art/Collectables.png
  artifactKey: Guid(6ff2b7b1111b23d46a78bfe8d13e19f1) Importer(815301076,1909f56bfc062723c751e8b465ee728b)
Start importing Assets/_EndlessRunner/Art/Collectables.png using Guid(6ff2b7b1111b23d46a78bfe8d13e19f1) Importer(815301076,1909f56bfc062723c751e8b465ee728b)  -> (artifact id: '9dad4baef7e337030218c646db40166c') in 0.226430 seconds 
  Import took 0.248163 seconds .

========================================================================
Received Import Request.
  Time since last request: 0.001271 seconds.
  path: Assets/_EndlessRunner/Art/Character.png
  artifactKey: Guid(db25266b2ef10a24d9e824b54fc29d86) Importer(815301076,1909f56bfc062723c751e8b465ee728b)
Start importing Assets/_EndlessRunner/Art/Character.png using Guid(db25266b2ef10a24d9e824b54fc29d86) Importer(815301076,1909f56bfc062723c751e8b465ee728b)  -> (artifact id: '3bfdb7d0cf565f8685080470bba7bfb3') in 0.193981 seconds 
  Import took 0.216343 seconds .

========================================================================
Received Import Request.
  Time since last request: 0.001401 seconds.
  path: Assets/_EndlessRunner/Art/GameOverBG.jpg
  artifactKey: Guid(290297b7483fe43459e48ec3a5c96816) Importer(815301076,1909f56bfc062723c751e8b465ee728b)
Start importing Assets/_EndlessRunner/Art/GameOverBG.jpg using Guid(290297b7483fe43459e48ec3a5c96816) Importer(815301076,1909f56bfc062723c751e8b465ee728b)  -> (artifact id: '833a7424a4df41169972d0c6d6321ca1') in 0.090459 seconds 
  Import took 0.102143 seconds .

========================================================================
Received Import Request.
  Time since last request: 0.001303 seconds.
  path: Assets/_EndlessRunner/Art/The Goldsmith_Vintage.otf
  artifactKey: Guid(49b9518485aaf4241b731518276355f6) Importer(815301076,1909f56bfc062723c751e8b465ee728b)
Start importing Assets/_EndlessRunner/Art/The Goldsmith_Vintage.otf using Guid(49b9518485aaf4241b731518276355f6) Importer(815301076,1909f56bfc062723c751e8b465ee728b)  -> (artifact id: '480ae4504f96227a96bad7954a0ffb95') in 0.044883 seconds 
  Import took 0.059408 seconds .

========================================================================
Received Import Request.
  Time since last request: 218.010794 seconds.
  path: Assets/Prefab/Platform.prefab
  artifactKey: Guid(9cfa93895aeeb4ac289c4ec8e9281415) Importer(815301076,1909f56bfc062723c751e8b465ee728b)
Start importing Assets/Prefab/Platform.prefab using Guid(9cfa93895aeeb4ac289c4ec8e9281415) Importer(815301076,1909f56bfc062723c751e8b465ee728b)  -> (artifact id: '4d319deb2ef629573e696882c533cefd') in 0.129134 seconds 
  Import took 0.141930 seconds .

========================================================================
Received Import Request.
  Time since last request: 332.893455 seconds.
  path: Assets/Prefab/Platform.prefab
  artifactKey: Guid(9cfa93895aeeb4ac289c4ec8e9281415) Importer(815301076,1909f56bfc062723c751e8b465ee728b)
Start importing Assets/Prefab/Platform.prefab using Guid(9cfa93895aeeb4ac289c4ec8e9281415) Importer(815301076,1909f56bfc062723c751e8b465ee728b)  -> (artifact id: '15af3ca74763164add20fde5d0056d61') in 0.069168 seconds 
  Import took 0.084051 seconds .

========================================================================
Received Import Request.
  Time since last request: 4.502497 seconds.
  path: Assets/Prefab/Platform.prefab
  artifactKey: Guid(9cfa93895aeeb4ac289c4ec8e9281415) Importer(815301076,1909f56bfc062723c751e8b465ee728b)
Start importing Assets/Prefab/Platform.prefab using Guid(9cfa93895aeeb4ac289c4ec8e9281415) Importer(815301076,1909f56bfc062723c751e8b465ee728b)  -> (artifact id: 'aa2454092d9d675fc0954e717c98f8d3') in 0.050560 seconds 
  Import took 0.071957 seconds .

AssetImportWorkerClient::OnTransportError - code=2 error=End of file
